  Aluno.cpp
C:\Users\sdbar\OneDrive\Documentos\workspace\cplusplus\ConceitoHeranca\ConceitoHeranca\Pessoa.h(32,9): error C2059: syntax error: ':'
C:\Users\sdbar\OneDrive\Documentos\workspace\cplusplus\ConceitoHeranca\ConceitoHeranca\Pessoa.h(32,9): error C2334: unexpected token(s) preceding ':'; skipping apparent function body
C:\Users\sdbar\OneDrive\Documentos\workspace\cplusplus\ConceitoHeranca\ConceitoHeranca\Aluno.h(5,22): error C2504: 'Pessoa': base class undefined
C:\Users\sdbar\OneDrive\Documentos\workspace\cplusplus\ConceitoHeranca\ConceitoHeranca\Aluno.cpp(7,13): error C3254: 'Pessoa': class contains explicit override 'RealizarProva' but does not derive from an interface that contains the function declaration
C:\Users\sdbar\OneDrive\Documentos\workspace\cplusplus\ConceitoHeranca\ConceitoHeranca\Aluno.cpp(7,13): error C2838: 'RealizarProva': illegal qualified name in member declaration
C:\Users\sdbar\OneDrive\Documentos\workspace\cplusplus\ConceitoHeranca\ConceitoHeranca\Aluno.cpp(13,20): error C3254: 'Pessoa': class contains explicit override 'GetCurso' but does not derive from an interface that contains the function declaration
C:\Users\sdbar\OneDrive\Documentos\workspace\cplusplus\ConceitoHeranca\ConceitoHeranca\Aluno.cpp(13,20): error C2838: 'GetCurso': illegal qualified name in member declaration
C:\Users\sdbar\OneDrive\Documentos\workspace\cplusplus\ConceitoHeranca\ConceitoHeranca\Aluno.cpp(18,13): error C3254: 'Pessoa': class contains explicit override 'SetCurso' but does not derive from an interface that contains the function declaration
C:\Users\sdbar\OneDrive\Documentos\workspace\cplusplus\ConceitoHeranca\ConceitoHeranca\Aluno.cpp(18,13): error C2838: 'SetCurso': illegal qualified name in member declaration
C:\Users\sdbar\OneDrive\Documentos\workspace\cplusplus\ConceitoHeranca\ConceitoHeranca\Aluno.cpp(22,1): error C1004: unexpected end-of-file found
  Bibliotecario.cpp
C:\Users\sdbar\OneDrive\Documentos\workspace\cplusplus\ConceitoHeranca\ConceitoHeranca\Pessoa.h(32,9): error C2059: syntax error: ':'
C:\Users\sdbar\OneDrive\Documentos\workspace\cplusplus\ConceitoHeranca\ConceitoHeranca\Pessoa.h(32,9): error C2334: unexpected token(s) preceding ':'; skipping apparent function body
C:\Users\sdbar\OneDrive\Documentos\workspace\cplusplus\ConceitoHeranca\ConceitoHeranca\Bibliotecario.h(4,30): error C2504: 'Pessoa': base class undefined
C:\Users\sdbar\OneDrive\Documentos\workspace\cplusplus\ConceitoHeranca\ConceitoHeranca\Bibliotecario.cpp(5,21): error C3254: 'Pessoa': class contains explicit override 'CadastrarLivros' but does not derive from an interface that contains the function declaration
C:\Users\sdbar\OneDrive\Documentos\workspace\cplusplus\ConceitoHeranca\ConceitoHeranca\Bibliotecario.cpp(5,21): error C2838: 'CadastrarLivros': illegal qualified name in member declaration
C:\Users\sdbar\OneDrive\Documentos\workspace\cplusplus\ConceitoHeranca\ConceitoHeranca\Bibliotecario.cpp(9,1): error C1004: unexpected end-of-file found
  CriaPessoa.cpp
C:\Users\sdbar\OneDrive\Documentos\workspace\cplusplus\ConceitoHeranca\ConceitoHeranca\Pessoa.h(32,9): error C2059: syntax error: ':'
C:\Users\sdbar\OneDrive\Documentos\workspace\cplusplus\ConceitoHeranca\ConceitoHeranca\Pessoa.h(32,9): error C2334: unexpected token(s) preceding ':'; skipping apparent function body
C:\Users\sdbar\OneDrive\Documentos\workspace\cplusplus\ConceitoHeranca\ConceitoHeranca\Bibliotecario.h(4,30): error C2504: 'Pessoa': base class undefined
C:\Users\sdbar\OneDrive\Documentos\workspace\cplusplus\ConceitoHeranca\ConceitoHeranca\Aluno.h(5,22): error C2504: 'Pessoa': base class undefined
C:\Users\sdbar\OneDrive\Documentos\workspace\cplusplus\ConceitoHeranca\ConceitoHeranca\Professor.h(6,26): error C2504: 'Pessoa': base class undefined
C:\Users\sdbar\OneDrive\Documentos\workspace\cplusplus\ConceitoHeranca\ConceitoHeranca\CriaPessoa.cpp(24,1): error C1004: unexpected end-of-file found
  Pessoa.cpp
C:\Users\sdbar\OneDrive\Documentos\workspace\cplusplus\ConceitoHeranca\ConceitoHeranca\Pessoa.h(32,9): error C2059: syntax error: ':'
C:\Users\sdbar\OneDrive\Documentos\workspace\cplusplus\ConceitoHeranca\ConceitoHeranca\Pessoa.h(32,9): error C2334: unexpected token(s) preceding ':'; skipping apparent function body
C:\Users\sdbar\OneDrive\Documentos\workspace\cplusplus\ConceitoHeranca\ConceitoHeranca\Pessoa.cpp(3,21): error C4596: 'GetNome': illegal qualified name in member declaration
C:\Users\sdbar\OneDrive\Documentos\workspace\cplusplus\ConceitoHeranca\ConceitoHeranca\Pessoa.cpp(3,21): error C2535: 'std::string Pessoa::GetNome(void)': member function already defined or declared
C:\Users\sdbar\OneDrive\Documentos\workspace\cplusplus\ConceitoHeranca\ConceitoHeranca\Pessoa.cpp(8,13): error C4596: 'GetCPF': illegal qualified name in member declaration
C:\Users\sdbar\OneDrive\Documentos\workspace\cplusplus\ConceitoHeranca\ConceitoHeranca\Pessoa.cpp(8,13): error C2535: 'int Pessoa::GetCPF(void)': member function already defined or declared
C:\Users\sdbar\OneDrive\Documentos\workspace\cplusplus\ConceitoHeranca\ConceitoHeranca\Pessoa.cpp(13,13): error C4596: 'GetMatricula': illegal qualified name in member declaration
C:\Users\sdbar\OneDrive\Documentos\workspace\cplusplus\ConceitoHeranca\ConceitoHeranca\Pessoa.cpp(13,13): error C2535: 'int Pessoa::GetMatricula(void)': member function already defined or declared
C:\Users\sdbar\OneDrive\Documentos\workspace\cplusplus\ConceitoHeranca\ConceitoHeranca\Pessoa.cpp(20,14): error C4596: 'SetNome': illegal qualified name in member declaration
C:\Users\sdbar\OneDrive\Documentos\workspace\cplusplus\ConceitoHeranca\ConceitoHeranca\Pessoa.cpp(20,14): error C2535: 'void Pessoa::SetNome(std::string)': member function already defined or declared
C:\Users\sdbar\OneDrive\Documentos\workspace\cplusplus\ConceitoHeranca\ConceitoHeranca\Pessoa.cpp(25,14): error C4596: 'SetCPF': illegal qualified name in member declaration
C:\Users\sdbar\OneDrive\Documentos\workspace\cplusplus\ConceitoHeranca\ConceitoHeranca\Pessoa.cpp(25,14): error C2535: 'void Pessoa::SetCPF(int)': member function already defined or declared
C:\Users\sdbar\OneDrive\Documentos\workspace\cplusplus\ConceitoHeranca\ConceitoHeranca\Pessoa.cpp(30,14): error C4596: 'SetMatricula': illegal qualified name in member declaration
C:\Users\sdbar\OneDrive\Documentos\workspace\cplusplus\ConceitoHeranca\ConceitoHeranca\Pessoa.cpp(30,14): error C2535: 'void Pessoa::SetMatricula(int)': member function already defined or declared
C:\Users\sdbar\OneDrive\Documentos\workspace\cplusplus\ConceitoHeranca\ConceitoHeranca\Pessoa.cpp(35,14): error C4596: 'AcessarSistema': illegal qualified name in member declaration
C:\Users\sdbar\OneDrive\Documentos\workspace\cplusplus\ConceitoHeranca\ConceitoHeranca\Pessoa.cpp(35,14): error C2535: 'void Pessoa::AcessarSistema(void)': member function already defined or declared
C:\Users\sdbar\OneDrive\Documentos\workspace\cplusplus\ConceitoHeranca\ConceitoHeranca\Pessoa.cpp(39,1): error C1004: unexpected end-of-file found
  Professor.cpp
C:\Users\sdbar\OneDrive\Documentos\workspace\cplusplus\ConceitoHeranca\ConceitoHeranca\Professor.cpp(1,10): error C1083: Cannot open include file: 'Professo.h': No such file or directory
  Generating Code...
